{"code":"ER_ACCESS_DENIED_ERROR","errno":1045,"level":"error","sqlMessage":"Access denied for user 'root'@'localhost' (using password: NO)","sqlState":"28000","timestamp":"2024-06-28T18:28:59.326Z"}
{"code":"ER_ACCESS_DENIED_ERROR","errno":1045,"level":"error","sqlMessage":"Access denied for user 'root'@'localhost' (using password: NO)","sqlState":"28000","timestamp":"2024-06-28T18:30:12.985Z"}
{"code":"ER_ACCESS_DENIED_ERROR","errno":1045,"level":"error","sqlMessage":"Access denied for user 'root'@'localhost' (using password: NO)","sqlState":"28000","timestamp":"2024-06-28T18:30:21.350Z"}
{"code":"ER_ACCESS_DENIED_ERROR","errno":1045,"level":"error","sqlMessage":"Access denied for user 'root'@'localhost' (using password: NO)","sqlState":"28000","timestamp":"2024-06-28T18:30:45.812Z"}
{"code":"ER_ACCESS_DENIED_ERROR","errno":1045,"level":"error","sqlMessage":"Access denied for user 'root'@'localhost' (using password: NO)","sqlState":"28000","timestamp":"2024-06-28T18:30:48.574Z"}
{"code":"ER_ACCESS_DENIED_ERROR","errno":1045,"level":"error","sqlMessage":"Access denied for user 'root'@'localhost' (using password: NO)","sqlState":"28000","timestamp":"2024-06-28T18:30:49.638Z"}
{"code":"ER_ACCESS_DENIED_ERROR","errno":1045,"level":"error","sqlMessage":"Access denied for user 'root'@'localhost' (using password: NO)","sqlState":"28000","timestamp":"2024-06-28T18:30:54.732Z"}
{"code":"ER_ACCESS_DENIED_ERROR","errno":1045,"level":"error","sqlMessage":"Access denied for user 'root'@'localhost' (using password: NO)","sqlState":"28000","timestamp":"2024-06-28T18:30:58.565Z"}
{"code":"ER_ACCESS_DENIED_ERROR","errno":1045,"level":"error","sqlMessage":"Access denied for user 'root'@'localhost' (using password: NO)","sqlState":"28000","timestamp":"2024-06-28T18:31:06.034Z"}
{"code":"ER_ACCESS_DENIED_ERROR","errno":1045,"level":"error","sqlMessage":"Access denied for user 'root'@'localhost' (using password: NO)","sqlState":"28000","timestamp":"2024-06-28T18:32:02.219Z"}
{"code":"ER_ACCESS_DENIED_ERROR","errno":1045,"level":"error","sqlMessage":"Access denied for user 'root'@'localhost' (using password: NO)","sqlState":"28000","timestamp":"2024-06-28T18:32:12.874Z"}
{"code":"ER_ACCESS_DENIED_ERROR","errno":1045,"level":"error","sqlMessage":"Access denied for user 'root'@'localhost' (using password: NO)","sqlState":"28000","timestamp":"2024-06-28T18:32:18.027Z"}
{"code":"ER_ACCESS_DENIED_ERROR","errno":1045,"level":"error","sqlMessage":"Access denied for user 'root'@'localhost' (using password: NO)","sqlState":"28000","timestamp":"2024-06-28T18:32:24.768Z"}
{"code":"ER_ACCESS_DENIED_ERROR","errno":1045,"level":"error","sqlMessage":"Access denied for user 'root'@'localhost' (using password: NO)","sqlState":"28000","timestamp":"2024-06-28T18:32:30.732Z"}
{"level":"info","message":"Server is running in http://localhost:3000","timestamp":"2024-06-28T18:58:38.267Z"}
{"level":"info","message":"Server is running in http://localhost:3000","timestamp":"2024-06-28T19:01:17.836Z"}
{"level":"info","message":"Server is running in http://localhost:3000","timestamp":"2024-06-28T19:01:56.811Z"}
{"level":"info","message":"Server is running in http://localhost:3000","timestamp":"2024-06-28T19:02:09.266Z"}
{"level":"info","message":"Server is running in http://localhost:3000","timestamp":"2024-06-28T19:03:19.832Z"}
{"level":"info","message":"Server is running in http://localhost:3000","timestamp":"2024-06-28T19:04:37.651Z"}
{"level":"info","message":"Server is running in http://localhost:3000","timestamp":"2024-06-28T19:04:39.871Z"}
{"level":"info","message":"Server is running in http://localhost:3000","timestamp":"2024-06-28T19:04:43.047Z"}
{"level":"info","message":"Server is running in http://localhost:3000","timestamp":"2024-06-28T19:04:55.481Z"}
{"level":"info","message":"Server is running in http://localhost:3000","timestamp":"2024-06-28T19:05:32.713Z"}
{"level":"info","message":"Server is running in http://localhost:3000","timestamp":"2024-06-28T19:05:34.258Z"}
{"level":"info","message":"Server is running in http://localhost:3000","timestamp":"2024-06-28T19:05:42.874Z"}
{"level":"info","message":"Server is running in http://localhost:3000","timestamp":"2024-06-28T19:05:44.499Z"}
{"level":"info","message":"Server is running in http://localhost:3000","timestamp":"2024-06-28T19:05:48.089Z"}
{"level":"info","message":"Server is running in http://localhost:3000","timestamp":"2024-06-28T19:05:51.169Z"}
{"level":"info","message":"Server is running in http://localhost:3000","timestamp":"2024-06-28T19:05:54.811Z"}
{"level":"info","message":"Server is running in http://localhost:3000","timestamp":"2024-06-28T19:05:59.951Z"}
{"level":"info","message":"Server is running in http://localhost:3000","timestamp":"2024-06-28T19:06:01.429Z"}
{"level":"info","message":"Server is running in http://localhost:3000","timestamp":"2024-06-28T19:06:05.721Z"}
{"level":"info","message":"Server is running in http://localhost:3000","timestamp":"2024-06-28T19:06:09.727Z"}
{"level":"info","message":"Server is running in http://localhost:3000","timestamp":"2024-06-28T19:06:12.299Z"}
{"level":"info","message":"Server is running in http://localhost:3000","timestamp":"2024-06-28T19:06:14.234Z"}
{"level":"info","message":"Server is running in http://localhost:3000","timestamp":"2024-06-28T19:06:48.740Z"}
{"level":"info","message":"Server is running in http://localhost:3000","timestamp":"2024-06-28T19:06:50.033Z"}
{"level":"info","message":"Server is running in http://localhost:3000","timestamp":"2024-06-28T19:06:51.302Z"}
{"level":"info","message":"Server is running in http://localhost:3000","timestamp":"2024-06-28T19:06:55.266Z"}
{"level":"info","message":"Server is running in http://localhost:3000","timestamp":"2024-06-28T19:07:04.217Z"}
{"level":"info","message":"Server is running in http://localhost:3000","timestamp":"2024-06-28T19:07:06.149Z"}
{"level":"info","message":"Server is running in http://localhost:3000","timestamp":"2024-06-28T19:07:07.918Z"}
{"level":"info","message":"Server is running in http://localhost:3000","timestamp":"2024-06-28T19:07:11.634Z"}
{"level":"info","message":"Server is running in http://localhost:3000","timestamp":"2024-06-28T19:08:52.258Z"}
{"level":"info","message":"Server is running in http://localhost:3000","timestamp":"2024-06-28T19:08:55.492Z"}
{"level":"info","message":"Server is running in http://localhost:3000","timestamp":"2024-06-28T19:09:01.818Z"}
{"level":"info","message":"Server is running in http://localhost:3000","timestamp":"2024-06-28T19:09:05.973Z"}
{"level":"info","message":"Server is running in http://localhost:3000","timestamp":"2024-06-28T19:09:15.918Z"}
{"level":"info","message":"Server is running in http://localhost:3000","timestamp":"2024-06-28T19:09:19.073Z"}
{"level":"info","message":"Server is running in http://localhost:3000","timestamp":"2024-06-28T19:09:21.966Z"}
{"level":"info","message":"Server is running in http://localhost:3000","timestamp":"2024-06-28T19:09:26.476Z"}
{"level":"info","message":"Server is running in http://localhost:3000","timestamp":"2024-06-28T19:09:41.378Z"}
{"level":"info","message":"Server is running in http://localhost:3000","timestamp":"2024-06-28T19:09:48.499Z"}
{"level":"info","message":"Server is running in http://localhost:3000","timestamp":"2024-06-28T19:10:05.706Z"}
{"level":"info","message":"Server is running in http://localhost:3000","timestamp":"2024-06-28T19:10:09.321Z"}
{"level":"info","message":"Server is running in http://localhost:3000","timestamp":"2024-06-28T19:10:12.543Z"}
{"level":"info","message":"Server is running in http://localhost:3000","timestamp":"2024-06-28T19:23:14.546Z"}
{"level":"info","message":"Server is running in http://localhost:3000","timestamp":"2024-06-28T19:23:17.336Z"}
{"level":"info","message":"Server is running in http://localhost:3000","timestamp":"2024-06-28T19:23:19.785Z"}
{"level":"info","message":"Server is running in http://localhost:3000","timestamp":"2024-06-28T19:23:22.558Z"}
{"level":"info","message":"Server is running in http://localhost:3000","timestamp":"2024-06-28T19:23:28.215Z"}
{"level":"info","message":"Server is running in http://localhost:3000","timestamp":"2024-06-28T19:23:31.114Z"}
{"level":"info","message":"Server is running in http://localhost:3000","timestamp":"2024-06-28T19:23:38.511Z"}
{"level":"info","message":"Server is running in http://localhost:3000","timestamp":"2024-06-28T19:24:21.132Z"}
{"level":"info","message":"Server is running in http://localhost:3000","timestamp":"2024-06-28T19:24:23.628Z"}
{"level":"info","message":"Server is running in http://localhost:3000","timestamp":"2024-06-28T19:34:34.318Z"}
{"level":"info","message":"Server is running in http://localhost:3000","timestamp":"2024-06-28T19:34:36.227Z"}
{"level":"info","message":"Server is running in http://localhost:3000","timestamp":"2024-06-28T19:36:05.882Z"}
{"level":"info","message":"Server is running in http://localhost:3000","timestamp":"2024-06-28T19:36:14.617Z"}
{"level":"info","message":"Server is running in http://localhost:3000","timestamp":"2024-06-28T19:36:16.680Z"}
{"level":"info","message":"Server is running in http://localhost:3000","timestamp":"2024-06-28T19:36:21.045Z"}
{"level":"info","message":"Server is running in http://localhost:3000","timestamp":"2024-06-28T19:36:22.879Z"}
{"level":"info","message":"Server is running in http://localhost:3000","timestamp":"2024-06-28T19:36:25.141Z"}
{"level":"info","message":"Server is running in http://localhost:3000","timestamp":"2024-06-28T19:36:36.139Z"}
{"level":"info","message":"Server is running in http://localhost:3000","timestamp":"2024-06-28T19:36:37.763Z"}
{"level":"info","message":"Server is running in http://localhost:3000","timestamp":"2024-06-28T19:36:38.967Z"}
{"level":"info","message":"Server is running in http://localhost:3000","timestamp":"2024-06-28T19:36:42.871Z"}
{"level":"info","message":"Server is running in http://localhost:3000","timestamp":"2024-06-28T19:36:49.745Z"}
{"level":"info","message":"Server is running in http://localhost:3000","timestamp":"2024-06-28T19:36:50.949Z"}
{"level":"info","message":"Server is running in http://localhost:3000","timestamp":"2024-06-28T19:36:54.166Z"}
{"level":"info","message":"Server is running in http://localhost:3000","timestamp":"2024-06-28T19:37:06.355Z"}
{"level":"info","message":"Server is running in http://localhost:3000","timestamp":"2024-06-28T19:37:07.890Z"}
{"level":"info","message":"Server is running in http://localhost:3000","timestamp":"2024-06-28T19:37:14.819Z"}
{"level":"info","message":"Server is running in http://localhost:3000","timestamp":"2024-06-28T19:37:28.966Z"}
{"level":"info","message":"Server is running in http://localhost:3000","timestamp":"2024-06-28T19:37:34.340Z"}
{"level":"info","message":"Server is running in http://localhost:3000","timestamp":"2024-06-28T19:37:52.661Z"}
{"level":"info","message":"Server is running in http://localhost:3000","timestamp":"2024-06-28T19:37:54.297Z"}
{"level":"info","message":"Server is running in http://localhost:3000","timestamp":"2024-06-28T19:38:03.878Z"}
{"level":"info","message":"Server is running in http://localhost:3000","timestamp":"2024-06-28T19:38:12.624Z"}
{"level":"info","message":"Server is running in http://localhost:3000","timestamp":"2024-06-28T19:38:19.447Z"}
{"level":"info","message":"Server is running in http://localhost:3000","timestamp":"2024-06-28T19:38:23.572Z"}
{"level":"info","message":"Server is running in http://localhost:3000","timestamp":"2024-06-28T19:38:30.790Z"}
{"level":"info","message":"Server is running in http://localhost:3000","timestamp":"2024-06-28T19:38:34.471Z"}
{"level":"info","message":"Server is running in http://localhost:3000","timestamp":"2024-06-28T19:38:36.294Z"}
{"level":"info","message":"Server is running in http://localhost:3000","timestamp":"2024-06-28T19:38:37.346Z"}
{"level":"info","message":"Server is running in http://localhost:3000","timestamp":"2024-06-28T19:38:38.497Z"}
{"level":"info","message":"Server is running in http://localhost:3000","timestamp":"2024-06-28T19:38:41.749Z"}
{"level":"info","message":"Server is running in http://localhost:3000","timestamp":"2024-06-28T19:38:43.804Z"}
{"level":"info","message":"Server is running in http://localhost:3000","timestamp":"2024-06-28T19:39:51.347Z"}
{"level":"info","message":"Server is running in http://localhost:3000","timestamp":"2024-06-28T19:40:01.540Z"}
{"level":"info","message":"Server is running in http://localhost:3000","timestamp":"2024-06-28T19:40:06.713Z"}
{"level":"info","message":"Server is running in http://localhost:3000","timestamp":"2024-06-28T19:40:08.335Z"}
{"level":"info","message":"Server is running in http://localhost:3000","timestamp":"2024-06-28T19:40:11.212Z"}
{"level":"info","message":"Server is running in http://localhost:3000","timestamp":"2024-06-28T19:40:13.576Z"}
{"level":"info","message":"Server is running in http://localhost:3000","timestamp":"2024-06-28T19:40:14.872Z"}
{"level":"info","message":"Server is running in http://localhost:3000","timestamp":"2024-06-28T19:57:52.719Z"}
{"level":"info","message":"Server is running in http://localhost:3000","timestamp":"2024-06-28T19:58:00.378Z"}
{"level":"info","message":"Server is running in http://localhost:3000","timestamp":"2024-06-28T19:58:01.858Z"}
{"level":"info","message":"Server is running in http://localhost:3000","timestamp":"2024-06-28T19:58:05.969Z"}
{"level":"info","message":"Server is running in http://localhost:3000","timestamp":"2024-06-28T19:58:11.935Z"}
{"level":"info","message":"Server is running in http://localhost:3000","timestamp":"2024-06-28T19:58:14.398Z"}
{"level":"info","message":"Server is running in http://localhost:3000","timestamp":"2024-06-28T19:58:16.387Z"}
{"level":"info","message":"Server is running in http://localhost:3000","timestamp":"2024-06-28T19:58:17.433Z"}
{"level":"info","message":"Server is running in http://localhost:3000","timestamp":"2024-06-28T19:58:21.057Z"}
{"level":"info","message":"Server is running in http://localhost:3000","timestamp":"2024-06-28T19:58:23.307Z"}
{"level":"info","message":"Server is running in http://localhost:3000","timestamp":"2024-06-28T19:58:26.336Z"}
{"level":"info","message":"Server is running in http://localhost:3000","timestamp":"2024-06-28T19:58:59.812Z"}
{"level":"info","message":"Server is running in http://localhost:3000","timestamp":"2024-06-28T19:59:10.698Z"}
{"level":"info","message":"Server is running in http://localhost:3000","timestamp":"2024-06-28T19:59:15.244Z"}
{"level":"info","message":"Server is running in http://localhost:3000","timestamp":"2024-06-28T19:59:18.580Z"}
{"level":"info","message":"Server is running in http://localhost:3000","timestamp":"2024-06-28T19:59:27.423Z"}
{"level":"info","message":"Server is running in http://localhost:3000","timestamp":"2024-06-28T19:59:29.482Z"}
{"level":"info","message":"Server is running in http://localhost:3000","timestamp":"2024-06-28T19:59:37.120Z"}
{"level":"info","message":"Server is running in http://localhost:3000","timestamp":"2024-06-28T19:59:39.224Z"}
{"level":"info","message":"Server is running in http://localhost:3000","timestamp":"2024-06-28T19:59:43.555Z"}
{"level":"info","message":"Server is running in http://localhost:3000","timestamp":"2024-06-28T19:59:47.752Z"}
{"level":"info","message":"Server is running in http://localhost:3000","timestamp":"2024-06-28T19:59:49.650Z"}
{"level":"info","message":"Server is running in http://localhost:3000","timestamp":"2024-06-28T19:59:56.194Z"}
{"level":"info","message":"Server is running in http://localhost:3000","timestamp":"2024-06-28T20:00:02.903Z"}
{"level":"info","message":"Server is running in http://localhost:3000","timestamp":"2024-06-28T20:00:06.071Z"}
{"level":"info","message":"Server is running in http://localhost:3000","timestamp":"2024-06-28T20:00:13.001Z"}
{"level":"info","message":"Server is running in http://localhost:3000","timestamp":"2024-06-28T20:00:15.560Z"}
{"level":"info","message":"Server is running in http://localhost:3000","timestamp":"2024-06-28T20:00:31.104Z"}
{"level":"info","message":"Server is running in http://localhost:3000","timestamp":"2024-06-28T20:00:32.719Z"}
{"level":"info","message":"Server is running in http://localhost:3000","timestamp":"2024-06-28T20:00:34.042Z"}
{"level":"info","message":"Server is running in http://localhost:3000","timestamp":"2024-06-28T20:00:38.159Z"}
{"level":"info","message":"Server is running in http://localhost:3000","timestamp":"2024-06-28T20:00:42.321Z"}
{"level":"info","message":"Server is running in http://localhost:3000","timestamp":"2024-06-28T20:00:45.531Z"}
{"level":"info","message":"Server is running in http://localhost:3000","timestamp":"2024-06-28T20:01:01.019Z"}
{"level":"info","message":"Server is running in http://localhost:3000","timestamp":"2024-06-28T20:01:03.817Z"}
{"level":"info","message":"Server is running in http://localhost:3000","timestamp":"2024-06-28T20:01:05.257Z"}
{"level":"info","message":"Server is running in http://localhost:3000","timestamp":"2024-06-28T20:01:08.466Z"}
{"level":"info","message":"Server is running in http://localhost:3000","timestamp":"2024-06-28T20:01:14.805Z"}
{"level":"info","message":"Server is running in http://localhost:3000","timestamp":"2024-06-28T20:01:19.587Z"}
{"level":"info","message":"Server is running in http://localhost:3000","timestamp":"2024-06-28T20:01:47.454Z"}
{"level":"info","message":"Server is running in http://localhost:3000","timestamp":"2024-06-28T20:01:48.836Z"}
{"level":"info","message":"Server is running in http://localhost:3000","timestamp":"2024-06-29T04:49:35.163Z"}
{"level":"info","message":"Server is running in http://localhost:3000","timestamp":"2024-06-29T23:47:53.885Z"}
{"level":"info","message":"Server is running in http://localhost:3000","timestamp":"2024-06-29T23:48:03.637Z"}
{"level":"info","message":"Server is running in http://localhost:3000","timestamp":"2024-06-29T23:50:45.375Z"}
{"level":"info","message":"Server is running in http://localhost:3000","timestamp":"2024-06-29T23:51:12.211Z"}
{"level":"info","message":"Server is running in http://localhost:3000","timestamp":"2024-06-29T23:51:16.130Z"}
{"level":"info","message":"Server is running in http://localhost:3000","timestamp":"2024-06-29T23:52:01.683Z"}
{"code":"ER_BAD_FIELD_ERROR","errno":1054,"level":"error","sql":"SELECT * FROM states WHERE id = 1","sqlMessage":"Unknown column 'id' in 'where clause'","sqlState":"42S22","timestamp":"2024-06-29T23:53:02.129Z"}
{"level":"info","message":"Server is running in http://localhost:3000","timestamp":"2024-06-29T23:54:24.486Z"}
{"code":"ER_BAD_FIELD_ERROR","errno":1054,"level":"error","sql":"SELECT * FROM states WHERE id = 1","sqlMessage":"Unknown column 'id' in 'where clause'","sqlState":"42S22","timestamp":"2024-06-29T23:54:27.367Z"}
{"level":"info","message":"Server is running in http://localhost:3000","timestamp":"2024-06-29T23:55:09.727Z"}
{"level":"error","timestamp":"2024-06-29T23:56:18.483Z"}
{"level":"info","message":"Server is running in http://localhost:3000","timestamp":"2024-06-30T00:08:18.866Z"}
{"level":"info","message":"Server is running in http://localhost:3000","timestamp":"2024-06-30T00:08:40.893Z"}
{"level":"info","message":"Server is running in http://localhost:3000","timestamp":"2024-06-30T00:30:34.781Z"}
{"level":"info","message":"Server is running in http://localhost:3000","timestamp":"2024-06-30T00:34:58.132Z"}
{"level":"info","message":"Server is running in http://localhost:3000","timestamp":"2024-06-30T00:40:05.796Z"}
{"level":"info","message":"Server is running in http://localhost:3000","timestamp":"2024-06-30T00:40:27.896Z"}
{"level":"info","message":"Server is running in http://localhost:3000","timestamp":"2024-06-30T01:27:38.425Z"}
{"level":"info","message":"Server is running in http://localhost:3000","timestamp":"2024-06-30T01:30:27.171Z"}
{"level":"info","message":"Server is running in http://localhost:3000","timestamp":"2024-06-30T01:33:54.925Z"}
{"level":"info","message":"Server is running in http://localhost:3000","timestamp":"2024-06-30T01:36:05.500Z"}
{"level":"info","message":"Server is running in http://localhost:3000","timestamp":"2024-06-30T01:36:35.313Z"}
{"level":"info","message":"Server is running in http://localhost:3000","timestamp":"2024-06-30T01:37:16.304Z"}
{"level":"info","message":"Server is running in http://localhost:3000","timestamp":"2024-06-30T01:37:56.312Z"}
{"level":"info","message":"Server is running in http://localhost:3000","timestamp":"2024-06-30T01:51:35.245Z"}
{"level":"info","message":"Server is running in http://localhost:3000","timestamp":"2024-06-30T02:01:15.659Z"}
{"level":"info","message":"Server is running in http://localhost:3000","timestamp":"2024-06-30T02:01:56.694Z"}
{"level":"info","message":"Server is running in http://localhost:3000","timestamp":"2024-06-30T02:04:14.676Z"}
{"level":"info","message":"Server is running in http://localhost:3000","timestamp":"2024-06-30T02:04:30.169Z"}
{"level":"info","message":"Server is running in http://localhost:3000","timestamp":"2024-06-30T02:06:20.060Z"}
{"level":"info","message":"Server is running in http://localhost:3000","timestamp":"2024-06-30T02:06:37.355Z"}
{"level":"info","message":"Server is running in http://localhost:3000","timestamp":"2024-06-30T02:50:19.642Z"}
{"level":"info","message":"Server is running in http://localhost:3000","timestamp":"2024-06-30T02:50:44.048Z"}
{"level":"info","message":"Server is running in http://localhost:3000","timestamp":"2024-06-30T02:50:50.881Z"}
{"level":"info","message":"Server is running in http://localhost:3000","timestamp":"2024-06-30T02:53:39.156Z"}
{"level":"info","message":"Server is running in http://localhost:3000","timestamp":"2024-06-30T02:54:39.282Z"}
{"level":"info","message":"Server is running in http://localhost:3000","timestamp":"2024-06-30T02:54:44.162Z"}
{"code":"ER_PARSE_ERROR","errno":1064,"level":"error","sql":"SELECT COUNT(*.id_speciality) FROM specialities","sqlMessage":"You have an error in your SQL syntax; check the manual that corresponds to your MySQL server version for the right syntax to use near '.id_speciality) FROM specialities' at line 1","sqlState":"42000","timestamp":"2024-06-30T02:54:49.840Z"}
{"level":"error","message":"Vaya, algo salió mal. Inténtalo de nuevo más tarde.","timestamp":"2024-06-30T02:54:49.841Z"}
{"level":"info","message":"Server is running in http://localhost:3000","timestamp":"2024-06-30T02:55:21.736Z"}
{"level":"info","message":"Server is running in http://localhost:3000","timestamp":"2024-06-30T02:55:37.303Z"}
{"level":"info","message":"Server is running in http://localhost:3000","timestamp":"2024-06-30T03:02:13.882Z"}
{"level":"info","message":"Server is running in http://localhost:3000","timestamp":"2024-06-30T03:06:05.572Z"}
{"level":"info","message":"Server is running in http://localhost:3000","timestamp":"2024-06-30T03:10:01.415Z"}
{"code":"ER_PARSE_ERROR","errno":1064,"level":"error","sql":"SELECT * FROM specialities LIMIT NULL OFFSET NaN","sqlMessage":"You have an error in your SQL syntax; check the manual that corresponds to your MySQL server version for the right syntax to use near 'NULL OFFSET NaN' at line 1","sqlState":"42000","timestamp":"2024-06-30T03:12:31.879Z"}
{"level":"error","message":"Vaya, algo salió mal. Inténtalo de nuevo más tarde.","timestamp":"2024-06-30T03:12:31.881Z"}
{"level":"info","message":"Server is running in http://localhost:3000","timestamp":"2024-06-30T03:13:09.861Z"}
{"code":"ER_PARSE_ERROR","errno":1064,"level":"error","sql":"SELECT * FROM specialities LIMIT NULL OFFSET NaN","sqlMessage":"You have an error in your SQL syntax; check the manual that corresponds to your MySQL server version for the right syntax to use near 'NULL OFFSET NaN' at line 1","sqlState":"42000","timestamp":"2024-06-30T03:13:12.246Z"}
{"level":"error","message":"Vaya, algo salió mal. Inténtalo de nuevo más tarde.","timestamp":"2024-06-30T03:13:12.247Z"}
{"level":"info","message":"Server is running in http://localhost:3000","timestamp":"2024-06-30T03:16:26.104Z"}
{"level":"info","message":"Server is running in http://localhost:3000","timestamp":"2024-06-30T03:16:52.979Z"}
{"level":"info","message":"Server is running in http://localhost:3000","timestamp":"2024-06-30T03:20:44.050Z"}
{"level":"info","message":"Server is running in http://localhost:3000","timestamp":"2024-06-30T03:21:57.154Z"}
{"level":"info","message":"Server is running in http://localhost:3000","timestamp":"2024-06-30T03:22:39.996Z"}
{"level":"info","message":"Server is running in http://localhost:3000","timestamp":"2024-06-30T03:22:48.112Z"}
{"level":"info","message":"Server is running in http://localhost:3000","timestamp":"2024-06-30T03:25:32.136Z"}
{"level":"info","message":"Server is running in http://localhost:3000","timestamp":"2024-06-30T03:27:16.646Z"}
{"level":"info","message":"Server is running in http://localhost:3000","timestamp":"2024-06-30T03:29:04.011Z"}
{"code":"ER_PARSE_ERROR","errno":1064,"level":"error","sql":"SELECT * FROM specialities LIMIT 10 OFFSET 0 WHERE name like '%'yo estoy tranqui'%' OR acronym like '%'yo estoy tranqui'%'","sqlMessage":"You have an error in your SQL syntax; check the manual that corresponds to your MySQL server version for the right syntax to use near 'WHERE name like '%'yo estoy tranqui'%' OR acronym like '%'yo estoy tranqui'%'' at line 1","sqlState":"42000","timestamp":"2024-06-30T03:29:07.018Z"}
{"level":"error","message":"Vaya, algo salió mal. Inténtalo de nuevo más tarde.","timestamp":"2024-06-30T03:29:07.019Z"}
{"level":"info","message":"Server is running in http://localhost:3000","timestamp":"2024-06-30T03:30:07.669Z"}
{"code":"ER_PARSE_ERROR","errno":1064,"level":"error","sql":"SELECT * FROM specialities LIMIT 10 OFFSET 0 WHERE name like '%yo estoy tranqui%' OR acronym like '%yo estoy tranqui%'","sqlMessage":"You have an error in your SQL syntax; check the manual that corresponds to your MySQL server version for the right syntax to use near 'WHERE name like '%yo estoy tranqui%' OR acronym like '%yo estoy tranqui%'' at line 1","sqlState":"42000","timestamp":"2024-06-30T03:30:12.600Z"}
{"level":"error","message":"Vaya, algo salió mal. Inténtalo de nuevo más tarde.","timestamp":"2024-06-30T03:30:12.601Z"}
{"level":"info","message":"Server is running in http://localhost:3000","timestamp":"2024-06-30T03:31:27.039Z"}
{"level":"info","message":"Server is running in http://localhost:3000","timestamp":"2024-07-02T14:48:28.268Z"}
{"level":"info","message":"Server is running in http://localhost:3000","timestamp":"2024-07-02T14:48:32.602Z"}
{"level":"info","message":"Server is running in http://localhost:3000","timestamp":"2024-07-02T14:53:27.201Z"}
{"level":"info","message":"Server is running in http://localhost:3000","timestamp":"2024-07-02T14:53:31.605Z"}
{"level":"info","message":"Server is running in http://localhost:3000","timestamp":"2024-07-02T14:53:40.787Z"}
{"level":"info","message":"Server is running in http://localhost:3000","timestamp":"2024-07-02T14:53:45.387Z"}
{"level":"info","message":"Server is running in http://localhost:3000","timestamp":"2024-07-02T14:54:04.403Z"}
{"level":"info","message":"Server is running in http://localhost:3000","timestamp":"2024-07-02T14:54:05.727Z"}
{"level":"info","message":"Server is running in http://localhost:3000","timestamp":"2024-07-02T14:54:07.299Z"}
{"level":"info","message":"Server is running in http://localhost:3000","timestamp":"2024-07-02T14:54:13.621Z"}
{"level":"info","message":"Server is running in http://localhost:3000","timestamp":"2024-07-02T14:54:15.340Z"}
{"level":"info","message":"Server is running in http://localhost:3000","timestamp":"2024-07-02T14:54:16.511Z"}
{"level":"info","message":"Server is running in http://localhost:3000","timestamp":"2024-07-02T14:54:19.286Z"}
{"level":"info","message":"Server is running in http://localhost:3000","timestamp":"2024-07-02T14:54:20.415Z"}
{"level":"info","message":"Server is running in http://localhost:3000","timestamp":"2024-07-02T14:54:22.390Z"}
{"level":"info","message":"Server is running in http://localhost:3000","timestamp":"2024-07-02T14:54:24.552Z"}
{"level":"info","message":"Server is running in http://localhost:3000","timestamp":"2024-07-02T14:54:27.781Z"}
{"level":"info","message":"Server is running in http://localhost:3000","timestamp":"2024-07-02T14:54:29.754Z"}
{"level":"info","message":"Server is running in http://localhost:3000","timestamp":"2024-07-02T14:54:32.732Z"}
{"level":"info","message":"Server is running in http://localhost:3000","timestamp":"2024-07-02T14:54:34.551Z"}
{"level":"info","message":"Server is running in http://localhost:3000","timestamp":"2024-07-02T14:54:36.481Z"}
{"level":"info","message":"Server is running in http://localhost:3000","timestamp":"2024-07-02T14:54:38.049Z"}
{"level":"info","message":"Server is running in http://localhost:3000","timestamp":"2024-07-02T14:54:39.589Z"}
{"level":"info","message":"Server is running in http://localhost:3000","timestamp":"2024-07-02T14:55:12.371Z"}
{"level":"info","message":"Server is running in http://localhost:3000","timestamp":"2024-07-02T14:57:37.804Z"}
{"level":"info","message":"Server is running in http://localhost:3000","timestamp":"2024-07-02T14:58:01.909Z"}
{"level":"info","message":"Server is running in http://localhost:3000","timestamp":"2024-07-02T14:58:23.772Z"}
{"level":"info","message":"Server is running in http://localhost:3000","timestamp":"2024-07-02T14:58:29.139Z"}
{"level":"info","message":"Server is running in http://localhost:3000","timestamp":"2024-07-02T14:58:31.960Z"}
{"level":"info","message":"Server is running in http://localhost:3000","timestamp":"2024-07-02T14:58:33.432Z"}
{"level":"info","message":"Server is running in http://localhost:3000","timestamp":"2024-07-02T14:58:35.699Z"}
{"level":"info","message":"Server is running in http://localhost:3000","timestamp":"2024-07-02T14:58:37.218Z"}
{"level":"info","message":"Server is running in http://localhost:3000","timestamp":"2024-07-02T14:58:46.772Z"}
{"level":"info","message":"Server is running in http://localhost:3000","timestamp":"2024-07-02T14:58:50.706Z"}
{"level":"info","message":"Server is running in http://localhost:3000","timestamp":"2024-07-02T14:59:00.225Z"}
{"level":"info","message":"Server is running in http://localhost:3000","timestamp":"2024-07-02T14:59:07.687Z"}
{"level":"info","message":"Server is running in http://localhost:3000","timestamp":"2024-07-02T14:59:21.887Z"}
{"level":"info","message":"Server is running in http://localhost:3000","timestamp":"2024-07-02T14:59:23.345Z"}
{"level":"info","message":"Server is running in http://localhost:3000","timestamp":"2024-07-02T14:59:27.427Z"}
{"level":"info","message":"Server is running in http://localhost:3000","timestamp":"2024-07-02T14:59:29.286Z"}
{"level":"info","message":"Server is running in http://localhost:3000","timestamp":"2024-07-02T14:59:30.555Z"}
{"level":"info","message":"Server is running in http://localhost:3000","timestamp":"2024-07-02T14:59:44.930Z"}
{"level":"info","message":"Server is running in http://localhost:3000","timestamp":"2024-07-02T14:59:54.381Z"}
{"level":"info","message":"Server is running in http://localhost:3000","timestamp":"2024-07-02T14:59:59.447Z"}
{"level":"info","message":"Server is running in http://localhost:3000","timestamp":"2024-07-02T15:00:00.656Z"}
{"level":"info","message":"Server is running in http://localhost:3000","timestamp":"2024-07-02T15:00:05.007Z"}
{"level":"info","message":"Server is running in http://localhost:3000","timestamp":"2024-07-02T15:00:09.415Z"}
{"level":"info","message":"Server is running in http://localhost:3000","timestamp":"2024-07-02T15:00:27.855Z"}
{"level":"info","message":"Server is running in http://localhost:3000","timestamp":"2024-07-02T15:00:34.873Z"}
{"level":"info","message":"Server is running in http://localhost:3000","timestamp":"2024-07-02T15:00:40.656Z"}
{"level":"info","message":"Server is running in http://localhost:3000","timestamp":"2024-07-02T15:00:46.691Z"}
{"level":"info","message":"Server is running in http://localhost:3000","timestamp":"2024-07-02T15:00:53.999Z"}
{"level":"info","message":"Server is running in http://localhost:3000","timestamp":"2024-07-02T15:00:55.313Z"}
{"level":"info","message":"Server is running in http://localhost:3000","timestamp":"2024-07-02T15:00:58.245Z"}
{"level":"info","message":"Server is running in http://localhost:3000","timestamp":"2024-07-02T15:01:24.554Z"}
{"level":"info","message":"Server is running in http://localhost:3000","timestamp":"2024-07-02T15:01:34.440Z"}
{"level":"info","message":"Server is running in http://localhost:3000","timestamp":"2024-07-02T15:01:37.847Z"}
{"level":"info","message":"Server is running in http://localhost:3000","timestamp":"2024-07-02T15:02:54.638Z"}
{"level":"info","message":"Server is running in http://localhost:3000","timestamp":"2024-07-02T15:03:08.087Z"}
{"level":"info","message":"Server is running in http://localhost:3000","timestamp":"2024-07-02T15:03:09.374Z"}
{"level":"info","message":"Server is running in http://localhost:3000","timestamp":"2024-07-02T15:03:12.017Z"}
{"level":"info","message":"Server is running in http://localhost:3000","timestamp":"2024-07-02T15:03:16.332Z"}
{"level":"info","message":"Server is running in http://localhost:3000","timestamp":"2024-07-02T15:03:17.435Z"}
{"level":"info","message":"Server is running in http://localhost:3000","timestamp":"2024-07-02T15:06:37.423Z"}
{"level":"info","message":"Server is running in http://localhost:3000","timestamp":"2024-07-02T15:06:49.895Z"}
{"level":"info","message":"Server is running in http://localhost:3000","timestamp":"2024-07-02T15:06:58.968Z"}
{"level":"info","message":"Server is running in http://localhost:3000","timestamp":"2024-07-02T15:07:00.693Z"}
{"level":"info","message":"Server is running in http://localhost:3000","timestamp":"2024-07-02T15:07:09.105Z"}
{"level":"info","message":"Server is running in http://localhost:3000","timestamp":"2024-07-02T15:07:15.588Z"}
{"level":"info","message":"Server is running in http://localhost:3000","timestamp":"2024-07-02T15:07:22.367Z"}
{"level":"info","message":"Server is running in http://localhost:3000","timestamp":"2024-07-02T15:07:25.391Z"}
{"level":"info","message":"Server is running in http://localhost:3000","timestamp":"2024-07-02T15:07:27.703Z"}
{"level":"info","message":"Server is running in http://localhost:3000","timestamp":"2024-07-02T15:07:29.242Z"}
{"level":"info","message":"Server is running in http://localhost:3000","timestamp":"2024-07-02T15:07:30.373Z"}
{"level":"info","message":"Server is running in http://localhost:3000","timestamp":"2024-07-02T15:07:33.100Z"}
{"level":"info","message":"Server is running in http://localhost:3000","timestamp":"2024-07-02T15:07:45.214Z"}
{"level":"info","message":"Server is running in http://localhost:3000","timestamp":"2024-07-02T15:07:52.405Z"}
{"level":"info","message":"Server is running in http://localhost:3000","timestamp":"2024-07-02T15:07:58.768Z"}
{"level":"info","message":"Server is running in http://localhost:3000","timestamp":"2024-07-02T15:08:03.616Z"}
{"level":"info","message":"Server is running in http://localhost:3000","timestamp":"2024-07-02T15:08:53.804Z"}
{"level":"info","message":"Server is running in http://localhost:3000","timestamp":"2024-07-02T15:09:28.865Z"}
{"level":"info","message":"Server is running in http://localhost:3000","timestamp":"2024-07-02T15:09:35.553Z"}
{"level":"info","message":"Server is running in http://localhost:3000","timestamp":"2024-07-02T15:09:39.624Z"}
{"level":"info","message":"Server is running in http://localhost:3000","timestamp":"2024-07-02T15:09:47.432Z"}
{"level":"info","message":"Server is running in http://localhost:3000","timestamp":"2024-07-02T15:09:53.240Z"}
{"level":"info","message":"Server is running in http://localhost:3000","timestamp":"2024-07-02T15:10:10.035Z"}
{"level":"info","message":"Server is running in http://localhost:3000","timestamp":"2024-07-02T15:10:12.138Z"}
{"level":"info","message":"Server is running in http://localhost:3000","timestamp":"2024-07-02T15:16:35.391Z"}
{"level":"info","message":"Server is running in http://localhost:3000","timestamp":"2024-07-02T15:17:14.436Z"}
{"level":"info","message":"Server is running in http://localhost:3000","timestamp":"2024-07-02T15:17:19.063Z"}
{"level":"info","message":"Server is running in http://localhost:3000","timestamp":"2024-07-02T15:17:25.559Z"}
{"level":"info","message":"Server is running in http://localhost:3000","timestamp":"2024-07-02T15:17:32.101Z"}
{"level":"info","message":"Server is running in http://localhost:3000","timestamp":"2024-07-02T15:17:32.969Z"}
{"level":"info","message":"Server is running in http://localhost:3000","timestamp":"2024-07-02T15:17:38.112Z"}
{"level":"info","message":"Server is running in http://localhost:3000","timestamp":"2024-07-02T15:17:42.492Z"}
{"level":"info","message":"Server is running in http://localhost:3000","timestamp":"2024-07-02T15:17:43.492Z"}
{"level":"info","message":"Server is running in http://localhost:3000","timestamp":"2024-07-02T15:17:46.477Z"}
{"level":"info","message":"Server is running in http://localhost:3000","timestamp":"2024-07-02T15:19:17.917Z"}
{"level":"info","message":"Server is running in http://localhost:3000","timestamp":"2024-07-02T15:19:21.325Z"}
{"level":"info","message":"Server is running in http://localhost:3000","timestamp":"2024-07-02T15:19:25.705Z"}
{"level":"info","message":"Server is running in http://localhost:3000","timestamp":"2024-07-02T15:20:06.677Z"}
{"level":"info","message":"Server is running in http://localhost:3000","timestamp":"2024-07-02T15:20:12.686Z"}
{"level":"info","message":"Server is running in http://localhost:3000","timestamp":"2024-07-02T15:21:01.181Z"}
{"level":"info","message":"Server is running in http://localhost:3000","timestamp":"2024-07-02T15:21:06.002Z"}
{"level":"info","message":"Server is running in http://localhost:3000","timestamp":"2024-07-02T15:21:11.659Z"}
{"level":"info","message":"Server is running in http://localhost:3000","timestamp":"2024-07-02T15:21:16.510Z"}
{"level":"info","message":"Server is running in http://localhost:3000","timestamp":"2024-07-02T15:21:29.844Z"}
{"level":"info","message":"Server is running in http://localhost:3000","timestamp":"2024-07-02T15:21:31.722Z"}
{"level":"info","message":"Server is running in http://localhost:3000","timestamp":"2024-07-02T15:21:34.315Z"}
{"level":"info","message":"Server is running in http://localhost:3000","timestamp":"2024-07-02T15:21:36.449Z"}
{"level":"info","message":"Server is running in http://localhost:3000","timestamp":"2024-07-02T15:21:39.417Z"}
{"level":"info","message":"Server is running in http://localhost:3000","timestamp":"2024-07-02T15:21:40.525Z"}
{"level":"info","message":"Server is running in http://localhost:3000","timestamp":"2024-07-02T15:22:14.248Z"}
{"level":"info","message":"Server is running in http://localhost:3000","timestamp":"2024-07-02T15:22:16.191Z"}
{"level":"info","message":"Server is running in http://localhost:3000","timestamp":"2024-07-02T15:22:18.504Z"}
{"level":"info","message":"Server is running in http://localhost:3000","timestamp":"2024-07-02T15:22:21.743Z"}
{"level":"info","message":"Server is running in http://localhost:3000","timestamp":"2024-07-02T15:22:23.173Z"}
{"level":"info","message":"Server is running in http://localhost:3000","timestamp":"2024-07-02T15:22:25.698Z"}
{"level":"info","message":"Server is running in http://localhost:3000","timestamp":"2024-07-02T15:22:27.794Z"}
{"level":"info","message":"Server is running in http://localhost:3000","timestamp":"2024-07-02T15:22:30.481Z"}
{"level":"info","message":"Server is running in http://localhost:3000","timestamp":"2024-07-02T15:22:36.102Z"}
{"level":"info","message":"Server is running in http://localhost:3000","timestamp":"2024-07-02T15:22:37.489Z"}
{"level":"info","message":"Server is running in http://localhost:3000","timestamp":"2024-07-02T15:22:44.585Z"}
{"level":"info","message":"Server is running in http://localhost:3000","timestamp":"2024-07-02T15:22:45.953Z"}
{"level":"info","message":"Server is running in http://localhost:3000","timestamp":"2024-07-02T15:22:50.344Z"}
{"level":"info","message":"Server is running in http://localhost:3000","timestamp":"2024-07-02T15:23:12.574Z"}
{"level":"info","message":"Server is running in http://localhost:3000","timestamp":"2024-07-02T15:23:13.637Z"}
{"level":"info","message":"Server is running in http://localhost:3000","timestamp":"2024-07-02T15:23:18.487Z"}
{"level":"info","message":"Server is running in http://localhost:3000","timestamp":"2024-07-02T15:23:20.663Z"}
{"level":"info","message":"Server is running in http://localhost:3000","timestamp":"2024-07-02T15:23:35.980Z"}
{"level":"info","message":"Server is running in http://localhost:3000","timestamp":"2024-07-02T15:23:40.716Z"}
{"level":"info","message":"Server is running in http://localhost:3000","timestamp":"2024-07-02T15:23:46.961Z"}
{"level":"info","message":"Server is running in http://localhost:3000","timestamp":"2024-07-02T15:24:13.772Z"}
{"level":"info","message":"Server is running in http://localhost:3000","timestamp":"2024-07-02T15:24:19.323Z"}
{"level":"info","message":"Server is running in http://localhost:3000","timestamp":"2024-07-02T15:24:22.841Z"}
{"level":"info","message":"Server is running in http://localhost:3000","timestamp":"2024-07-02T15:24:27.335Z"}
{"level":"info","message":"Server is running in http://localhost:3000","timestamp":"2024-07-02T15:28:13.814Z"}
{"level":"info","message":"Server is running in http://localhost:3000","timestamp":"2024-07-02T15:28:18.861Z"}
{"level":"info","message":"Server is running in http://localhost:3000","timestamp":"2024-07-02T15:28:20.772Z"}
{"level":"info","message":"Server is running in http://localhost:3000","timestamp":"2024-07-02T15:28:30.221Z"}
{"level":"info","message":"Server is running in http://localhost:3000","timestamp":"2024-07-02T15:28:36.715Z"}
{"level":"info","message":"Server is running in http://localhost:3000","timestamp":"2024-07-02T15:28:43.236Z"}
{"level":"info","message":"Server is running in http://localhost:3000","timestamp":"2024-07-02T15:28:45.467Z"}
{"level":"info","message":"Server is running in http://localhost:3000","timestamp":"2024-07-02T15:28:48.293Z"}
{"level":"info","message":"Server is running in http://localhost:3000","timestamp":"2024-07-02T15:28:53.634Z"}
{"level":"info","message":"Server is running in http://localhost:3000","timestamp":"2024-07-02T15:29:01.945Z"}
{"level":"info","message":"Server is running in http://localhost:3000","timestamp":"2024-07-02T15:29:03.153Z"}
{"level":"info","message":"Server is running in http://localhost:3000","timestamp":"2024-07-02T15:29:06.440Z"}
{"level":"info","message":"Server is running in http://localhost:3000","timestamp":"2024-07-02T15:29:09.775Z"}
{"level":"info","message":"Server is running in http://localhost:3000","timestamp":"2024-07-02T15:29:11.547Z"}
{"level":"info","message":"Server is running in http://localhost:3000","timestamp":"2024-07-02T15:29:13.623Z"}
{"level":"info","message":"Server is running in http://localhost:3000","timestamp":"2024-07-02T15:30:00.701Z"}
{"level":"info","message":"Server is running in http://localhost:3000","timestamp":"2024-07-02T15:30:03.333Z"}
{"level":"info","message":"Server is running in http://localhost:3000","timestamp":"2024-07-02T15:30:06.145Z"}
{"level":"info","message":"Server is running in http://localhost:3000","timestamp":"2024-07-02T15:30:07.327Z"}
{"level":"info","message":"Server is running in http://localhost:3000","timestamp":"2024-07-02T15:30:09.745Z"}
{"level":"info","message":"Server is running in http://localhost:3000","timestamp":"2024-07-02T15:30:13.109Z"}
{"level":"info","message":"Server is running in http://localhost:3000","timestamp":"2024-07-02T15:30:17.186Z"}
{"level":"info","message":"Server is running in http://localhost:3000","timestamp":"2024-07-02T15:30:21.746Z"}
{"level":"info","message":"Server is running in http://localhost:3000","timestamp":"2024-07-02T15:30:25.352Z"}
{"level":"info","message":"Server is running in http://localhost:3000","timestamp":"2024-07-02T15:30:27.088Z"}
{"level":"info","message":"Server is running in http://localhost:3000","timestamp":"2024-07-02T15:30:28.826Z"}
{"level":"info","message":"Server is running in http://localhost:3000","timestamp":"2024-07-02T15:30:40.152Z"}
{"level":"info","message":"Server is running in http://localhost:3000","timestamp":"2024-07-02T15:34:03.226Z"}
{"level":"info","message":"Server is running in http://localhost:3000","timestamp":"2024-07-02T15:34:04.048Z"}
{"level":"info","message":"Server is running in http://localhost:3000","timestamp":"2024-07-02T15:34:04.864Z"}
{"level":"info","message":"Server is running in http://localhost:3000","timestamp":"2024-07-02T15:36:36.786Z"}
{"level":"info","message":"Server is running in http://localhost:3000","timestamp":"2024-07-02T15:36:38.914Z"}
{"level":"info","message":"Server is running in http://localhost:3000","timestamp":"2024-07-02T15:36:43.720Z"}
{"level":"info","message":"Server is running in http://localhost:3000","timestamp":"2024-07-02T15:36:50.291Z"}
{"level":"info","message":"Server is running in http://localhost:3000","timestamp":"2024-07-02T15:37:30.429Z"}
{"level":"info","message":"Server is running in http://localhost:3000","timestamp":"2024-07-02T15:37:31.648Z"}
{"level":"info","message":"Server is running in http://localhost:3000","timestamp":"2024-07-02T15:37:33.210Z"}
{"level":"info","message":"Server is running in http://localhost:3000","timestamp":"2024-07-02T15:37:34.311Z"}
{"level":"info","message":"Server is running in http://localhost:3000","timestamp":"2024-07-02T15:37:39.753Z"}
{"level":"info","message":"Server is running in http://localhost:3000","timestamp":"2024-07-02T15:37:43.096Z"}
{"level":"info","message":"Server is running in http://localhost:3000","timestamp":"2024-07-02T15:38:14.895Z"}
{"level":"info","message":"Server is running in http://localhost:3000","timestamp":"2024-07-02T15:38:17.331Z"}
{"level":"info","message":"Server is running in http://localhost:3000","timestamp":"2024-07-02T15:38:18.416Z"}
{"level":"info","message":"Server is running in http://localhost:3000","timestamp":"2024-07-02T15:38:20.011Z"}
{"level":"info","message":"Server is running in http://localhost:3000","timestamp":"2024-07-02T15:38:42.055Z"}
{"level":"info","message":"Server is running in http://localhost:3000","timestamp":"2024-07-02T15:38:55.137Z"}
{"level":"info","message":"Server is running in http://localhost:3000","timestamp":"2024-07-02T15:39:29.854Z"}
{"level":"info","message":"Server is running in http://localhost:3000","timestamp":"2024-07-02T15:39:38.847Z"}
{"level":"info","message":"Server is running in http://localhost:3000","timestamp":"2024-07-02T15:41:12.904Z"}
{"level":"info","message":"Server is running in http://localhost:3000","timestamp":"2024-07-02T15:41:20.480Z"}
{"level":"info","message":"Server is running in http://localhost:3000","timestamp":"2024-07-02T15:41:22.833Z"}
{"level":"info","message":"Server is running in http://localhost:3000","timestamp":"2024-07-02T15:41:26.917Z"}
{"level":"info","message":"Server is running in http://localhost:3000","timestamp":"2024-07-02T15:41:39.109Z"}
{"level":"info","message":"Server is running in http://localhost:3000","timestamp":"2024-07-02T15:41:41.837Z"}
{"level":"info","message":"Server is running in http://localhost:3000","timestamp":"2024-07-02T15:41:54.264Z"}
{"level":"info","message":"Server is running in http://localhost:3000","timestamp":"2024-07-02T15:41:57.704Z"}
{"level":"info","message":"Server is running in http://localhost:3000","timestamp":"2024-07-02T15:41:59.632Z"}
{"level":"info","message":"Server is running in http://localhost:3000","timestamp":"2024-07-02T15:42:10.382Z"}
{"level":"info","message":"Server is running in http://localhost:3000","timestamp":"2024-07-02T15:42:23.168Z"}
{"level":"info","message":"Server is running in http://localhost:3000","timestamp":"2024-07-02T15:42:26.796Z"}
{"level":"info","message":"Server is running in http://localhost:3000","timestamp":"2024-07-02T15:42:28.206Z"}
{"level":"info","message":"Server is running in http://localhost:3000","timestamp":"2024-07-02T15:42:31.913Z"}
{"level":"info","message":"Server is running in http://localhost:3000","timestamp":"2024-07-02T15:42:35.730Z"}
{"level":"info","message":"Server is running in http://localhost:3000","timestamp":"2024-07-02T15:42:37.277Z"}
{"level":"info","message":"Server is running in http://localhost:3000","timestamp":"2024-07-02T15:42:42.754Z"}
{"level":"info","message":"Server is running in http://localhost:3000","timestamp":"2024-07-02T15:43:05.677Z"}
{"level":"info","message":"Server is running in http://localhost:3000","timestamp":"2024-07-02T15:43:11.488Z"}
{"level":"info","message":"Server is running in http://localhost:3000","timestamp":"2024-07-02T15:46:21.457Z"}
{"level":"info","message":"Server is running in http://localhost:3000","timestamp":"2024-07-02T15:46:22.618Z"}
{"level":"info","message":"Server is running in http://localhost:3000","timestamp":"2024-07-02T15:46:31.815Z"}
{"level":"info","message":"Server is running in http://localhost:3000","timestamp":"2024-07-02T15:46:34.342Z"}
{"level":"info","message":"Server is running in http://localhost:3000","timestamp":"2024-07-02T15:46:36.123Z"}
{"level":"info","message":"Server is running in http://localhost:3000","timestamp":"2024-07-02T15:46:37.082Z"}
{"level":"info","message":"Server is running in http://localhost:3000","timestamp":"2024-07-02T15:46:44.656Z"}
{"level":"info","message":"Server is running in http://localhost:3000","timestamp":"2024-07-02T15:46:52.796Z"}
{"level":"info","message":"Server is running in http://localhost:3000","timestamp":"2024-07-02T15:47:05.523Z"}
{"level":"info","message":"Server is running in http://localhost:3000","timestamp":"2024-07-02T15:47:17.192Z"}
{"level":"info","message":"Server is running in http://localhost:3000","timestamp":"2024-07-02T15:48:25.780Z"}
{"level":"info","message":"Server is running in http://localhost:3000","timestamp":"2024-07-02T15:48:36.269Z"}
{"level":"info","message":"Server is running in http://localhost:3000","timestamp":"2024-07-02T15:48:38.337Z"}
{"level":"info","message":"Server is running in http://localhost:3000","timestamp":"2024-07-02T15:48:42.002Z"}
{"level":"info","message":"Server is running in http://localhost:3000","timestamp":"2024-07-02T15:48:51.769Z"}
{"level":"info","message":"Server is running in http://localhost:3000","timestamp":"2024-07-02T15:48:57.666Z"}
{"level":"info","message":"Server is running in http://localhost:3000","timestamp":"2024-07-02T15:48:59.226Z"}
{"level":"info","message":"Server is running in http://localhost:3000","timestamp":"2024-07-02T15:49:01.730Z"}
{"level":"info","message":"Server is running in http://localhost:3000","timestamp":"2024-07-02T15:49:04.314Z"}
{"level":"info","message":"Server is running in http://localhost:3000","timestamp":"2024-07-02T15:49:06.678Z"}
{"level":"info","message":"Server is running in http://localhost:3000","timestamp":"2024-07-02T15:49:09.834Z"}
{"level":"info","message":"Server is running in http://localhost:3000","timestamp":"2024-07-02T15:49:18.301Z"}
{"level":"info","message":"Server is running in http://localhost:3000","timestamp":"2024-07-02T15:49:22.882Z"}
{"level":"info","message":"Server is running in http://localhost:3000","timestamp":"2024-07-02T15:49:32.273Z"}
{"level":"info","message":"Server is running in http://localhost:3000","timestamp":"2024-07-02T15:50:31.883Z"}
{"level":"info","message":"Server is running in http://localhost:3000","timestamp":"2024-07-02T15:50:38.483Z"}
{"level":"info","message":"Server is running in http://localhost:3000","timestamp":"2024-07-02T15:51:06.760Z"}
{"level":"info","message":"Server is running in http://localhost:3000","timestamp":"2024-07-02T15:51:09.264Z"}
{"level":"info","message":"Server is running in http://localhost:3000","timestamp":"2024-07-02T15:55:57.149Z"}
{"level":"info","message":"Server is running in http://localhost:3000","timestamp":"2024-07-02T15:55:58.838Z"}
{"level":"info","message":"Server is running in http://localhost:3000","timestamp":"2024-07-02T15:56:01.793Z"}
{"level":"info","message":"Server is running in http://localhost:3000","timestamp":"2024-07-02T15:56:07.456Z"}
{"level":"info","message":"Server is running in http://localhost:3000","timestamp":"2024-07-02T15:56:13.454Z"}
{"level":"info","message":"Server is running in http://localhost:3000","timestamp":"2024-07-02T15:56:19.349Z"}
{"level":"info","message":"Server is running in http://localhost:3000","timestamp":"2024-07-02T15:56:31.395Z"}
{"level":"info","message":"Server is running in http://localhost:3000","timestamp":"2024-07-02T15:56:33.083Z"}
{"level":"info","message":"Server is running in http://localhost:3000","timestamp":"2024-07-02T15:57:03.447Z"}
{"level":"info","message":"Server is running in http://localhost:3000","timestamp":"2024-07-02T15:57:09.221Z"}
{"level":"info","message":"Server is running in http://localhost:3000","timestamp":"2024-07-02T15:57:10.630Z"}
{"level":"info","message":"Server is running in http://localhost:3000","timestamp":"2024-07-02T15:57:12.478Z"}
{"level":"info","message":"Server is running in http://localhost:3000","timestamp":"2024-07-02T15:57:16.523Z"}
{"level":"info","message":"Server is running in http://localhost:3000","timestamp":"2024-07-02T15:57:18.407Z"}
{"level":"info","message":"Server is running in http://localhost:3000","timestamp":"2024-07-02T15:57:21.932Z"}
{"level":"info","message":"Server is running in http://localhost:3000","timestamp":"2024-07-02T15:57:23.029Z"}
{"level":"info","message":"Server is running in http://localhost:3000","timestamp":"2024-07-02T15:57:24.663Z"}
{"level":"info","message":"Server is running in http://localhost:3000","timestamp":"2024-07-02T15:57:27.167Z"}
{"level":"info","message":"Server is running in http://localhost:3000","timestamp":"2024-07-02T15:57:43.665Z"}
{"level":"info","message":"Server is running in http://localhost:3000","timestamp":"2024-07-02T15:58:15.590Z"}
{"level":"info","message":"Server is running in http://localhost:3000","timestamp":"2024-07-02T15:58:20.115Z"}
{"level":"info","message":"Server is running in http://localhost:3000","timestamp":"2024-07-02T15:58:25.407Z"}
{"level":"info","message":"Server is running in http://localhost:3000","timestamp":"2024-07-02T15:58:30.500Z"}
{"level":"info","message":"Server is running in http://localhost:3000","timestamp":"2024-07-02T15:58:34.975Z"}
{"level":"info","message":"Server is running in http://localhost:3000","timestamp":"2024-07-02T15:58:41.000Z"}
{"level":"info","message":"Server is running in http://localhost:3000","timestamp":"2024-07-02T15:59:16.962Z"}
{"level":"info","message":"Server is running in http://localhost:3000","timestamp":"2024-07-02T15:59:19.246Z"}
{"level":"info","message":"Server is running in http://localhost:3000","timestamp":"2024-07-02T15:59:25.481Z"}
{"level":"info","message":"Server is running in http://localhost:3000","timestamp":"2024-07-02T15:59:27.922Z"}
{"level":"info","message":"Server is running in http://localhost:3000","timestamp":"2024-07-02T15:59:42.061Z"}
{"level":"info","message":"Server is running in http://localhost:3000","timestamp":"2024-07-02T15:59:48.835Z"}
{"level":"info","message":"Server is running in http://localhost:3000","timestamp":"2024-07-02T16:00:10.802Z"}
{"level":"info","message":"Server is running in http://localhost:3000","timestamp":"2024-07-02T16:00:15.822Z"}
{"level":"info","message":"Server is running in http://localhost:3000","timestamp":"2024-07-02T16:00:17.011Z"}
{"level":"info","message":"Server is running in http://localhost:3000","timestamp":"2024-07-02T16:00:18.339Z"}
{"level":"info","message":"Server is running in http://localhost:3000","timestamp":"2024-07-02T16:00:26.478Z"}
{"level":"info","message":"Server is running in http://localhost:3000","timestamp":"2024-07-02T16:00:28.679Z"}
{"level":"info","message":"Server is running in http://localhost:3000","timestamp":"2024-07-02T16:00:32.519Z"}
{"level":"info","message":"Server is running in http://localhost:3000","timestamp":"2024-07-02T16:00:46.760Z"}
{"level":"info","message":"Server is running in http://localhost:3000","timestamp":"2024-07-02T16:00:48.381Z"}
{"level":"info","message":"Server is running in http://localhost:3000","timestamp":"2024-07-02T16:00:52.049Z"}
{"level":"info","message":"Server is running in http://localhost:3000","timestamp":"2024-07-02T16:00:56.551Z"}
{"level":"info","message":"Server is running in http://localhost:3000","timestamp":"2024-07-02T16:01:09.046Z"}
{"level":"info","message":"Server is running in http://localhost:3000","timestamp":"2024-07-02T16:01:22.675Z"}
{"level":"info","message":"Server is running in http://localhost:3000","timestamp":"2024-07-02T16:01:24.924Z"}
{"level":"info","message":"Server is running in http://localhost:3000","timestamp":"2024-07-02T16:01:26.515Z"}
{"level":"info","message":"Server is running in http://localhost:3000","timestamp":"2024-07-02T16:01:28.475Z"}
{"level":"info","message":"Server is running in http://localhost:3000","timestamp":"2024-07-02T16:01:36.066Z"}
{"level":"info","message":"Server is running in http://localhost:3000","timestamp":"2024-07-02T16:01:39.482Z"}
{"level":"info","message":"Server is running in http://localhost:3000","timestamp":"2024-07-02T16:01:40.934Z"}
{"level":"info","message":"Server is running in http://localhost:3000","timestamp":"2024-07-02T16:01:45.425Z"}
{"level":"info","message":"Server is running in http://localhost:3000","timestamp":"2024-07-02T16:01:48.676Z"}
{"level":"info","message":"Server is running in http://localhost:3000","timestamp":"2024-07-02T16:02:14.898Z"}
{"level":"info","message":"Server is running in http://localhost:3000","timestamp":"2024-07-02T16:02:26.985Z"}
{"level":"info","message":"Server is running in http://localhost:3000","timestamp":"2024-07-02T16:02:43.728Z"}
{"level":"info","message":"Server is running in http://localhost:3000","timestamp":"2024-07-02T16:02:45.504Z"}
{"level":"info","message":"Server is running in http://localhost:3000","timestamp":"2024-07-02T16:02:47.386Z"}
{"level":"info","message":"Server is running in http://localhost:3000","timestamp":"2024-07-02T16:02:50.010Z"}
{"level":"info","message":"Server is running in http://localhost:3000","timestamp":"2024-07-02T16:03:30.553Z"}
{"level":"info","message":"Server is running in http://localhost:3000","timestamp":"2024-07-02T16:03:38.516Z"}
{"level":"info","message":"Server is running in http://localhost:3000","timestamp":"2024-07-02T16:03:43.772Z"}
{"level":"info","message":"Server is running in http://localhost:3000","timestamp":"2024-07-02T16:03:44.942Z"}
{"level":"info","message":"Server is running in http://localhost:3000","timestamp":"2024-07-02T16:04:05.101Z"}
{"level":"info","message":"Server is running in http://localhost:3000","timestamp":"2024-07-02T16:04:07.014Z"}
{"level":"info","message":"Server is running in http://localhost:3000","timestamp":"2024-07-02T16:04:09.514Z"}
{"level":"info","message":"Server is running in http://localhost:3000","timestamp":"2024-07-02T16:04:13.599Z"}
{"level":"info","message":"Server is running in http://localhost:3000","timestamp":"2024-07-02T16:04:16.297Z"}
{"level":"info","message":"Server is running in http://localhost:3000","timestamp":"2024-07-02T16:04:17.805Z"}
{"level":"info","message":"Server is running in http://localhost:3000","timestamp":"2024-07-02T16:04:19.401Z"}
{"level":"info","message":"Server is running in http://localhost:3000","timestamp":"2024-07-02T16:04:28.709Z"}
{"level":"info","message":"Server is running in http://localhost:3000","timestamp":"2024-07-02T16:04:31.466Z"}
{"level":"info","message":"Server is running in http://localhost:3000","timestamp":"2024-07-02T16:04:32.965Z"}
{"level":"info","message":"Server is running in http://localhost:3000","timestamp":"2024-07-02T16:04:44.467Z"}
{"level":"info","message":"Server is running in http://localhost:3000","timestamp":"2024-07-02T16:04:45.526Z"}
{"level":"info","message":"Server is running in http://localhost:3000","timestamp":"2024-07-02T16:04:47.817Z"}
{"level":"info","message":"Server is running in http://localhost:3000","timestamp":"2024-07-02T16:04:49.149Z"}
{"level":"info","message":"Server is running in http://localhost:3000","timestamp":"2024-07-02T16:04:50.740Z"}
{"level":"info","message":"Server is running in http://localhost:3000","timestamp":"2024-07-02T16:04:57.746Z"}
{"level":"info","message":"Server is running in http://localhost:3000","timestamp":"2024-07-02T16:05:02.807Z"}
{"level":"info","message":"Server is running in http://localhost:3000","timestamp":"2024-07-02T16:07:30.560Z"}
{"level":"info","message":"Server is running in http://localhost:3000","timestamp":"2024-07-02T16:07:31.970Z"}
{"code":"ER_BAD_NULL_ERROR","errno":1048,"level":"error","sql":"INSERT INTO speciality_by_period (id_period, id_speciality, tokens_allowed) VALUES (NULL, 1, 1000)","sqlMessage":"Column 'id_period' cannot be null","sqlState":"23000","timestamp":"2024-07-02T16:13:06.657Z"}
{"level":"info","message":"Server is running in http://localhost:3000","timestamp":"2024-07-02T16:14:48.218Z"}
{"level":"info","message":"Server is running in http://localhost:3000","timestamp":"2024-07-02T16:14:52.574Z"}
{"level":"info","message":"Server is running in http://localhost:3000","timestamp":"2024-07-02T16:14:53.648Z"}
{"level":"info","message":"Server is running in http://localhost:3000","timestamp":"2024-07-02T16:14:59.486Z"}
{"level":"info","message":"Server is running in http://localhost:3000","timestamp":"2024-07-02T16:15:23.544Z"}
{"level":"info","message":"Server is running in http://localhost:3000","timestamp":"2024-07-02T16:15:28.147Z"}
{"code":"ER_BAD_NULL_ERROR","errno":1048,"level":"error","sql":"INSERT INTO speciality_by_period (id_period, id_speciality, tokens_allowed) VALUES (NULL, 1, 1000)","sqlMessage":"Column 'id_period' cannot be null","sqlState":"23000","timestamp":"2024-07-02T16:15:32.520Z"}
{"level":"info","message":"Server is running in http://localhost:3000","timestamp":"2024-07-02T16:15:46.500Z"}
{"level":"info","message":"Server is running in http://localhost:3000","timestamp":"2024-07-02T16:15:50.826Z"}
{"level":"info","message":"Server is running in http://localhost:3000","timestamp":"2024-07-02T16:15:52.544Z"}
{"level":"info","message":"Server is running in http://localhost:3000","timestamp":"2024-07-02T16:16:01.598Z"}
{"level":"info","message":"Server is running in http://localhost:3000","timestamp":"2024-07-02T16:16:03.621Z"}
{"level":"info","message":"Server is running in http://localhost:3000","timestamp":"2024-07-02T16:16:14.810Z"}
{"level":"info","message":"Server is running in http://localhost:3000","timestamp":"2024-07-02T16:16:27.933Z"}
{"level":"info","message":"Server is running in http://localhost:3000","timestamp":"2024-07-02T16:16:39.278Z"}
{"code":"ER_BAD_NULL_ERROR","errno":1048,"level":"error","sql":"INSERT INTO speciality_by_period (id_period, id_speciality, tokens_allowed) VALUES (NULL, 1, 1000)","sqlMessage":"Column 'id_period' cannot be null","sqlState":"23000","timestamp":"2024-07-02T16:16:55.904Z"}
{"level":"info","message":"Server is running in http://localhost:3000","timestamp":"2024-07-02T16:17:30.369Z"}
{"level":"info","message":"Server is running in http://localhost:3000","timestamp":"2024-07-02T16:17:34.314Z"}
{"level":"info","message":"Server is running in http://localhost:3000","timestamp":"2024-07-02T16:18:42.162Z"}
