{"code":"ER_ACCESS_DENIED_ERROR","errno":1045,"level":"error","sqlMessage":"Access denied for user 'root'@'localhost' (using password: NO)","sqlState":"28000","timestamp":"2024-06-28T18:28:59.326Z"}
{"code":"ER_ACCESS_DENIED_ERROR","errno":1045,"level":"error","sqlMessage":"Access denied for user 'root'@'localhost' (using password: NO)","sqlState":"28000","timestamp":"2024-06-28T18:30:12.985Z"}
{"code":"ER_ACCESS_DENIED_ERROR","errno":1045,"level":"error","sqlMessage":"Access denied for user 'root'@'localhost' (using password: NO)","sqlState":"28000","timestamp":"2024-06-28T18:30:21.350Z"}
{"code":"ER_ACCESS_DENIED_ERROR","errno":1045,"level":"error","sqlMessage":"Access denied for user 'root'@'localhost' (using password: NO)","sqlState":"28000","timestamp":"2024-06-28T18:30:45.812Z"}
{"code":"ER_ACCESS_DENIED_ERROR","errno":1045,"level":"error","sqlMessage":"Access denied for user 'root'@'localhost' (using password: NO)","sqlState":"28000","timestamp":"2024-06-28T18:30:48.574Z"}
{"code":"ER_ACCESS_DENIED_ERROR","errno":1045,"level":"error","sqlMessage":"Access denied for user 'root'@'localhost' (using password: NO)","sqlState":"28000","timestamp":"2024-06-28T18:30:49.638Z"}
{"code":"ER_ACCESS_DENIED_ERROR","errno":1045,"level":"error","sqlMessage":"Access denied for user 'root'@'localhost' (using password: NO)","sqlState":"28000","timestamp":"2024-06-28T18:30:54.732Z"}
{"code":"ER_ACCESS_DENIED_ERROR","errno":1045,"level":"error","sqlMessage":"Access denied for user 'root'@'localhost' (using password: NO)","sqlState":"28000","timestamp":"2024-06-28T18:30:58.565Z"}
{"code":"ER_ACCESS_DENIED_ERROR","errno":1045,"level":"error","sqlMessage":"Access denied for user 'root'@'localhost' (using password: NO)","sqlState":"28000","timestamp":"2024-06-28T18:31:06.034Z"}
{"code":"ER_ACCESS_DENIED_ERROR","errno":1045,"level":"error","sqlMessage":"Access denied for user 'root'@'localhost' (using password: NO)","sqlState":"28000","timestamp":"2024-06-28T18:32:02.219Z"}
{"code":"ER_ACCESS_DENIED_ERROR","errno":1045,"level":"error","sqlMessage":"Access denied for user 'root'@'localhost' (using password: NO)","sqlState":"28000","timestamp":"2024-06-28T18:32:12.874Z"}
{"code":"ER_ACCESS_DENIED_ERROR","errno":1045,"level":"error","sqlMessage":"Access denied for user 'root'@'localhost' (using password: NO)","sqlState":"28000","timestamp":"2024-06-28T18:32:18.027Z"}
{"code":"ER_ACCESS_DENIED_ERROR","errno":1045,"level":"error","sqlMessage":"Access denied for user 'root'@'localhost' (using password: NO)","sqlState":"28000","timestamp":"2024-06-28T18:32:24.768Z"}
{"code":"ER_ACCESS_DENIED_ERROR","errno":1045,"level":"error","sqlMessage":"Access denied for user 'root'@'localhost' (using password: NO)","sqlState":"28000","timestamp":"2024-06-28T18:32:30.732Z"}
{"code":"ER_BAD_FIELD_ERROR","errno":1054,"level":"error","sql":"SELECT * FROM states WHERE id = 1","sqlMessage":"Unknown column 'id' in 'where clause'","sqlState":"42S22","timestamp":"2024-06-29T23:53:02.129Z"}
{"code":"ER_BAD_FIELD_ERROR","errno":1054,"level":"error","sql":"SELECT * FROM states WHERE id = 1","sqlMessage":"Unknown column 'id' in 'where clause'","sqlState":"42S22","timestamp":"2024-06-29T23:54:27.367Z"}
{"level":"error","timestamp":"2024-06-29T23:56:18.483Z"}
{"code":"ER_PARSE_ERROR","errno":1064,"level":"error","sql":"SELECT COUNT(*.id_speciality) FROM specialities","sqlMessage":"You have an error in your SQL syntax; check the manual that corresponds to your MySQL server version for the right syntax to use near '.id_speciality) FROM specialities' at line 1","sqlState":"42000","timestamp":"2024-06-30T02:54:49.840Z"}
{"level":"error","message":"Vaya, algo salió mal. Inténtalo de nuevo más tarde.","timestamp":"2024-06-30T02:54:49.841Z"}
{"code":"ER_PARSE_ERROR","errno":1064,"level":"error","sql":"SELECT * FROM specialities LIMIT NULL OFFSET NaN","sqlMessage":"You have an error in your SQL syntax; check the manual that corresponds to your MySQL server version for the right syntax to use near 'NULL OFFSET NaN' at line 1","sqlState":"42000","timestamp":"2024-06-30T03:12:31.879Z"}
{"level":"error","message":"Vaya, algo salió mal. Inténtalo de nuevo más tarde.","timestamp":"2024-06-30T03:12:31.881Z"}
{"code":"ER_PARSE_ERROR","errno":1064,"level":"error","sql":"SELECT * FROM specialities LIMIT NULL OFFSET NaN","sqlMessage":"You have an error in your SQL syntax; check the manual that corresponds to your MySQL server version for the right syntax to use near 'NULL OFFSET NaN' at line 1","sqlState":"42000","timestamp":"2024-06-30T03:13:12.246Z"}
{"level":"error","message":"Vaya, algo salió mal. Inténtalo de nuevo más tarde.","timestamp":"2024-06-30T03:13:12.247Z"}
{"code":"ER_PARSE_ERROR","errno":1064,"level":"error","sql":"SELECT * FROM specialities LIMIT 10 OFFSET 0 WHERE name like '%'yo estoy tranqui'%' OR acronym like '%'yo estoy tranqui'%'","sqlMessage":"You have an error in your SQL syntax; check the manual that corresponds to your MySQL server version for the right syntax to use near 'WHERE name like '%'yo estoy tranqui'%' OR acronym like '%'yo estoy tranqui'%'' at line 1","sqlState":"42000","timestamp":"2024-06-30T03:29:07.018Z"}
{"level":"error","message":"Vaya, algo salió mal. Inténtalo de nuevo más tarde.","timestamp":"2024-06-30T03:29:07.019Z"}
{"code":"ER_PARSE_ERROR","errno":1064,"level":"error","sql":"SELECT * FROM specialities LIMIT 10 OFFSET 0 WHERE name like '%yo estoy tranqui%' OR acronym like '%yo estoy tranqui%'","sqlMessage":"You have an error in your SQL syntax; check the manual that corresponds to your MySQL server version for the right syntax to use near 'WHERE name like '%yo estoy tranqui%' OR acronym like '%yo estoy tranqui%'' at line 1","sqlState":"42000","timestamp":"2024-06-30T03:30:12.600Z"}
{"level":"error","message":"Vaya, algo salió mal. Inténtalo de nuevo más tarde.","timestamp":"2024-06-30T03:30:12.601Z"}
{"code":"ER_BAD_NULL_ERROR","errno":1048,"level":"error","sql":"INSERT INTO speciality_by_period (id_period, id_speciality, tokens_allowed) VALUES (NULL, 1, 1000)","sqlMessage":"Column 'id_period' cannot be null","sqlState":"23000","timestamp":"2024-07-02T16:13:06.657Z"}
{"code":"ER_BAD_NULL_ERROR","errno":1048,"level":"error","sql":"INSERT INTO speciality_by_period (id_period, id_speciality, tokens_allowed) VALUES (NULL, 1, 1000)","sqlMessage":"Column 'id_period' cannot be null","sqlState":"23000","timestamp":"2024-07-02T16:15:32.520Z"}
{"code":"ER_BAD_NULL_ERROR","errno":1048,"level":"error","sql":"INSERT INTO speciality_by_period (id_period, id_speciality, tokens_allowed) VALUES (NULL, 1, 1000)","sqlMessage":"Column 'id_period' cannot be null","sqlState":"23000","timestamp":"2024-07-02T16:16:55.904Z"}
